Determining if the pthread_create exist failed with the following output:
Change Dir: /home/fftai/Documents/windows_shared_folder/class_udacity_robot_engineer/udacity-robot_software_engineer/udacity_project_buildmyworld/build/CMakeFiles/CMakeTmp

Run Build Command:"/usr/bin/make" "cmTC_6a90f/fast"
/usr/bin/make -f CMakeFiles/cmTC_6a90f.dir/build.make CMakeFiles/cmTC_6a90f.dir/build
make[1]: Entering directory '/home/fftai/Documents/windows_shared_folder/class_udacity_robot_engineer/udacity-robot_software_engineer/udacity_project_buildmyworld/build/CMakeFiles/CMakeTmp'
Building C object CMakeFiles/cmTC_6a90f.dir/CheckSymbolExists.c.o
/usr/bin/cc     -o CMakeFiles/cmTC_6a90f.dir/CheckSymbolExists.c.o   -c /home/fftai/Documents/windows_shared_folder/class_udacity_robot_engineer/udacity-robot_software_engineer/udacity_project_buildmyworld/build/CMakeFiles/CMakeTmp/CheckSymbolExists.c
Linking C executable cmTC_6a90f
/usr/bin/cmake -E cmake_link_script CMakeFiles/cmTC_6a90f.dir/link.txt --verbose=1
/usr/bin/cc       CMakeFiles/cmTC_6a90f.dir/CheckSymbolExists.c.o  -o cmTC_6a90f -rdynamic 
CMakeFiles/cmTC_6a90f.dir/CheckSymbolExists.c.o: In function `main':
CheckSymbolExists.c:(.text+0x16): undefined reference to `pthread_create'
collect2: error: ld returned 1 exit status
CMakeFiles/cmTC_6a90f.dir/build.make:97: recipe for target 'cmTC_6a90f' failed
make[1]: *** [cmTC_6a90f] Error 1
make[1]: Leaving directory '/home/fftai/Documents/windows_shared_folder/class_udacity_robot_engineer/udacity-robot_software_engineer/udacity_project_buildmyworld/build/CMakeFiles/CMakeTmp'
Makefile:126: recipe for target 'cmTC_6a90f/fast' failed
make: *** [cmTC_6a90f/fast] Error 2

File /home/fftai/Documents/windows_shared_folder/class_udacity_robot_engineer/udacity-robot_software_engineer/udacity_project_buildmyworld/build/CMakeFiles/CMakeTmp/CheckSymbolExists.c:
/* */
#include <pthread.h>

int main(int argc, char** argv)
{
  (void)argv;
#ifndef pthread_create
  return ((int*)(&pthread_create))[argc];
#else
  (void)argc;
  return 0;
#endif
}

Determining if the function pthread_create exists in the pthreads failed with the following output:
Change Dir: /home/fftai/Documents/windows_shared_folder/class_udacity_robot_engineer/udacity-robot_software_engineer/udacity_project_buildmyworld/build/CMakeFiles/CMakeTmp

Run Build Command:"/usr/bin/make" "cmTC_7e559/fast"
/usr/bin/make -f CMakeFiles/cmTC_7e559.dir/build.make CMakeFiles/cmTC_7e559.dir/build
make[1]: Entering directory '/home/fftai/Documents/windows_shared_folder/class_udacity_robot_engineer/udacity-robot_software_engineer/udacity_project_buildmyworld/build/CMakeFiles/CMakeTmp'
Building C object CMakeFiles/cmTC_7e559.dir/CheckFunctionExists.c.o
/usr/bin/cc    -DCHECK_FUNCTION_EXISTS=pthread_create   -o CMakeFiles/cmTC_7e559.dir/CheckFunctionExists.c.o   -c /usr/share/cmake-3.5/Modules/CheckFunctionExists.c
Linking C executable cmTC_7e559
/usr/bin/cmake -E cmake_link_script CMakeFiles/cmTC_7e559.dir/link.txt --verbose=1
/usr/bin/cc   -DCHECK_FUNCTION_EXISTS=pthread_create    CMakeFiles/cmTC_7e559.dir/CheckFunctionExists.c.o  -o cmTC_7e559 -rdynamic -lpthreads 
/usr/bin/ld: cannot find -lpthreads
collect2: error: ld returned 1 exit status
CMakeFiles/cmTC_7e559.dir/build.make:97: recipe for target 'cmTC_7e559' failed
make[1]: *** [cmTC_7e559] Error 1
make[1]: Leaving directory '/home/fftai/Documents/windows_shared_folder/class_udacity_robot_engineer/udacity-robot_software_engineer/udacity_project_buildmyworld/build/CMakeFiles/CMakeTmp'
Makefile:126: recipe for target 'cmTC_7e559/fast' failed
make: *** [cmTC_7e559/fast] Error 2


