Determining if the pthread_create exist failed with the following output:
Change Dir: /home/fftai/Documents/windows_shared_folder/class_udacity_robot_engineer/udacity_robot_software_engineer/udacity_project_whereami/build/CMakeFiles/CMakeTmp

Run Build Command:"/usr/bin/make" "cmTC_dbc83/fast"
/usr/bin/make -f CMakeFiles/cmTC_dbc83.dir/build.make CMakeFiles/cmTC_dbc83.dir/build
make[1]: Entering directory '/home/fftai/Documents/windows_shared_folder/class_udacity_robot_engineer/udacity_robot_software_engineer/udacity_project_whereami/build/CMakeFiles/CMakeTmp'
Building C object CMakeFiles/cmTC_dbc83.dir/CheckSymbolExists.c.o
/usr/bin/cc     -o CMakeFiles/cmTC_dbc83.dir/CheckSymbolExists.c.o   -c /home/fftai/Documents/windows_shared_folder/class_udacity_robot_engineer/udacity_robot_software_engineer/udacity_project_whereami/build/CMakeFiles/CMakeTmp/CheckSymbolExists.c
Linking C executable cmTC_dbc83
/usr/bin/cmake -E cmake_link_script CMakeFiles/cmTC_dbc83.dir/link.txt --verbose=1
/usr/bin/cc       CMakeFiles/cmTC_dbc83.dir/CheckSymbolExists.c.o  -o cmTC_dbc83 -rdynamic 
CMakeFiles/cmTC_dbc83.dir/CheckSymbolExists.c.o: In function `main':
CheckSymbolExists.c:(.text+0x16): undefined reference to `pthread_create'
collect2: error: ld returned 1 exit status
CMakeFiles/cmTC_dbc83.dir/build.make:97: recipe for target 'cmTC_dbc83' failed
make[1]: *** [cmTC_dbc83] Error 1
make[1]: Leaving directory '/home/fftai/Documents/windows_shared_folder/class_udacity_robot_engineer/udacity_robot_software_engineer/udacity_project_whereami/build/CMakeFiles/CMakeTmp'
Makefile:126: recipe for target 'cmTC_dbc83/fast' failed
make: *** [cmTC_dbc83/fast] Error 2

File /home/fftai/Documents/windows_shared_folder/class_udacity_robot_engineer/udacity_robot_software_engineer/udacity_project_whereami/build/CMakeFiles/CMakeTmp/CheckSymbolExists.c:
/* */
#include <pthread.h>

int main(int argc, char** argv)
{
  (void)argv;
#ifndef pthread_create
  return ((int*)(&pthread_create))[argc];
#else
  (void)argc;
  return 0;
#endif
}

Determining if the function pthread_create exists in the pthreads failed with the following output:
Change Dir: /home/fftai/Documents/windows_shared_folder/class_udacity_robot_engineer/udacity_robot_software_engineer/udacity_project_whereami/build/CMakeFiles/CMakeTmp

Run Build Command:"/usr/bin/make" "cmTC_a2958/fast"
/usr/bin/make -f CMakeFiles/cmTC_a2958.dir/build.make CMakeFiles/cmTC_a2958.dir/build
make[1]: Entering directory '/home/fftai/Documents/windows_shared_folder/class_udacity_robot_engineer/udacity_robot_software_engineer/udacity_project_whereami/build/CMakeFiles/CMakeTmp'
Building C object CMakeFiles/cmTC_a2958.dir/CheckFunctionExists.c.o
/usr/bin/cc    -DCHECK_FUNCTION_EXISTS=pthread_create   -o CMakeFiles/cmTC_a2958.dir/CheckFunctionExists.c.o   -c /usr/share/cmake-3.5/Modules/CheckFunctionExists.c
Linking C executable cmTC_a2958
/usr/bin/cmake -E cmake_link_script CMakeFiles/cmTC_a2958.dir/link.txt --verbose=1
/usr/bin/cc   -DCHECK_FUNCTION_EXISTS=pthread_create    CMakeFiles/cmTC_a2958.dir/CheckFunctionExists.c.o  -o cmTC_a2958 -rdynamic -lpthreads 
/usr/bin/ld: cannot find -lpthreads
collect2: error: ld returned 1 exit status
CMakeFiles/cmTC_a2958.dir/build.make:97: recipe for target 'cmTC_a2958' failed
make[1]: *** [cmTC_a2958] Error 1
make[1]: Leaving directory '/home/fftai/Documents/windows_shared_folder/class_udacity_robot_engineer/udacity_robot_software_engineer/udacity_project_whereami/build/CMakeFiles/CMakeTmp'
Makefile:126: recipe for target 'cmTC_a2958/fast' failed
make: *** [cmTC_a2958/fast] Error 2


